<?xml version="1.0" encoding="UTF-8"?>
<testsuite name="com.bridgelabz.selenium.test.BooksWagon_Test" tests="1" skipped="0" failures="0" errors="0" timestamp="2021-08-05T06:01:45" hostname="LAPTOP-GG01EQKS" time="19.785">
  <properties/>
  <testcase name="remove_book_test" classname="com.bridgelabz.selenium.test.BooksWagon_Test" time="19.785"/>
  <system-out><![CDATA[[INFO ] 2021-08-05 11:31:45.895 [Test worker] Log - remove_book_testTest is starting
[INFO ] 2021-08-05 11:31:46.009 [Test worker] Log - Clicking on login button
[INFO ] 2021-08-05 11:31:49.337 [Test worker] Log - sending email credential
[INFO ] 2021-08-05 11:31:51.581 [Test worker] Log - sending password credentials
[INFO ] 2021-08-05 11:31:53.748 [Test worker] Log - Clicking on login button
[INFO ] 2021-08-05 11:31:58.966 [Test worker] Log - Clicking on cart
[INFO ] 2021-08-05 11:32:00.156 [Test worker] Log - Switching to frame
[INFO ] 2021-08-05 11:32:01.187 [Test worker] Log - removing items from cart
[INFO ] 2021-08-05 11:32:02.492 [Test worker] Log - Click on closed box
book is removed successfully
Method passed remove_book_test
[INFO ] 2021-08-05 11:32:06.097 [Test worker] Log - Test is passed
]]></system-out>
  <system-err><![CDATA[]]></system-err>
</testsuite>
